生成启动时间为 2016/1/11 15:10:31。
     1>项目“E:\高熙越程序库\富豪者截图软件\ScreenShot\Hook\Hook.vcxproj”在节点 2 上(Rebuild 个目标)。
     1>ClCompile:
         D:\Program Files (x86)\Microsoft Visual Studio 12.0\VC\bin\CL.exe /c /Zi /nologo /W3 /WX- /sdl /O2 /Oi /Oy- /GL /D WIN32 /D NDEBUG /D _WINDOWS /D _USRDLL /D HOOK_EXPORTS /D _WINDLL /D _UNICODE /D UNICODE /Gm- /EHsc /MD /GS /Gy /fp:precise /Zc:wchar_t /Zc:forScope /Yc"stdafx.h" /Fp"Release\Hook.pch" /Fo"Release\\" /Fd"Release\vc120.pdb" /Gd /TP /analyze- /errorReport:prompt stdafx.cpp
         stdafx.cpp
         D:\Program Files (x86)\Microsoft Visual Studio 12.0\VC\bin\CL.exe /c /Zi /nologo /W3 /WX- /sdl /O2 /Oi /Oy- /GL /D WIN32 /D NDEBUG /D _WINDOWS /D _USRDLL /D HOOK_EXPORTS /D _WINDLL /D _UNICODE /D UNICODE /Gm- /EHsc /MD /GS /Gy /fp:precise /Zc:wchar_t /Zc:forScope /Fo"Release\\" /Fd"Release\vc120.pdb" /Gd /TP /analyze- /errorReport:prompt dllmain.cpp
         dllmain.cpp
         D:\Program Files (x86)\Microsoft Visual Studio 12.0\VC\bin\CL.exe /c /Zi /nologo /W3 /WX- /sdl /O2 /Oi /Oy- /GL /D WIN32 /D NDEBUG /D _WINDOWS /D _USRDLL /D HOOK_EXPORTS /D _WINDLL /D _UNICODE /D UNICODE /Gm- /EHsc /MD /GS /Gy /fp:precise /Zc:wchar_t /Zc:forScope /Yu"stdafx.h" /Fp"Release\Hook.pch" /Fo"Release\\" /Fd"Release\vc120.pdb" /Gd /TP /analyze- /errorReport:prompt Hook.cpp
         Hook.cpp
     1>Hook.cpp(105): warning C4273: “InstallHook”: dll 链接不一致
                 Hook.cpp(18) : 参见“InstallHook”的前一个定义
     1>Hook.cpp(120): warning C4273: “UnInstallHook”: dll 链接不一致
                 Hook.cpp(19) : 参见“UnInstallHook”的前一个定义
       Link:
         D:\Program Files (x86)\Microsoft Visual Studio 12.0\VC\bin\link.exe /ERRORREPORT:PROMPT /OUT:"E:\高熙越程序库\富豪者截图软件\ScreenShot\Release\Hook.dll" /INCREMENTAL:NO /NOLOGO kernel32.lib user32.lib gdi32.lib winspool.lib comdlg32.lib advapi32.lib shell32.lib ole32.lib oleaut32.lib uuid.lib odbc32.lib odbccp32.lib /MANIFEST /MANIFESTUAC:"level='asInvoker' uiAccess='false'" /manifest:embed /DEBUG /PDB:"E:\高熙越程序库\富豪者截图软件\ScreenShot\Release\Hook.pdb" /SUBSYSTEM:WINDOWS /OPT:REF /OPT:ICF /LTCG /TLBID:1 /DYNAMICBASE /NXCOMPAT /IMPLIB:"E:\高熙越程序库\富豪者截图软件\ScreenShot\Release\Hook.lib" /MACHINE:X86 /SAFESEH /DLL Release\dllmain.obj
         Release\Hook.obj
         Release\stdafx.obj
            正在创建库 E:\高熙越程序库\富豪者截图软件\ScreenShot\Release\Hook.lib 和对象 E:\高熙越程序库\富豪者截图软件\ScreenShot\Release\Hook.exp
         正在生成代码
         已完成代码的生成
         Hook.vcxproj -> E:\高熙越程序库\富豪者截图软件\ScreenShot\Release\Hook.dll
     1>已完成生成项目“E:\高熙越程序库\富豪者截图软件\ScreenShot\Hook\Hook.vcxproj”(Rebuild 个目标)的操作。

生成成功。

已用时间 00:00:01.77
