生成启动时间为 2016/1/8 19:50:54。
     1>项目“C:\Users\Wayne\Desktop\vs\ScreenShot\Hook\Hook.vcxproj”在节点 2 上(Rebuild 个目标)。
     1>ClCompile:
         D:\Program Files (x86)\Microsoft Visual Studio 12.0\VC\bin\CL.exe /c /ZI /nologo /W3 /WX- /sdl /Od /Oy- /D WIN32 /D _DEBUG /D _WINDOWS /D _USRDLL /D HOOK_EXPORTS /D _WINDLL /D _UNICODE /D UNICODE /Gm /EHsc /RTC1 /MDd /GS /fp:precise /Zc:wchar_t /Zc:forScope /Yc"stdafx.h" /Fp"Debug\Hook.pch" /Fo"Debug\\" /Fd"Debug\vc120.pdb" /Gd /TP /analyze- /errorReport:prompt stdafx.cpp
         stdafx.cpp
         D:\Program Files (x86)\Microsoft Visual Studio 12.0\VC\bin\CL.exe /c /ZI /nologo /W3 /WX- /sdl /Od /Oy- /D WIN32 /D _DEBUG /D _WINDOWS /D _USRDLL /D HOOK_EXPORTS /D _WINDLL /D _UNICODE /D UNICODE /Gm /EHsc /RTC1 /MDd /GS /fp:precise /Zc:wchar_t /Zc:forScope /Fo"Debug\\" /Fd"Debug\vc120.pdb" /Gd /TP /analyze- /errorReport:prompt dllmain.cpp
         dllmain.cpp
         D:\Program Files (x86)\Microsoft Visual Studio 12.0\VC\bin\CL.exe /c /ZI /nologo /W3 /WX- /sdl /Od /Oy- /D WIN32 /D _DEBUG /D _WINDOWS /D _USRDLL /D HOOK_EXPORTS /D _WINDLL /D _UNICODE /D UNICODE /Gm /EHsc /RTC1 /MDd /GS /fp:precise /Zc:wchar_t /Zc:forScope /Yu"stdafx.h" /Fp"Debug\Hook.pch" /Fo"Debug\\" /Fd"Debug\vc120.pdb" /Gd /TP /analyze- /errorReport:prompt Hook.cpp
         Hook.cpp
     1>c:\users\wayne\desktop\vs\screenshot\hook\hook.cpp(142): warning C4273: “InstallHook”: dll 链接不一致
                 c:\users\wayne\desktop\vs\screenshot\hook\hook.cpp(18) : 参见“InstallHook”的前一个定义
     1>c:\users\wayne\desktop\vs\screenshot\hook\hook.cpp(157): warning C4273: “UnInstallHook”: dll 链接不一致
                 c:\users\wayne\desktop\vs\screenshot\hook\hook.cpp(19) : 参见“UnInstallHook”的前一个定义
       Link:
         D:\Program Files (x86)\Microsoft Visual Studio 12.0\VC\bin\link.exe /ERRORREPORT:PROMPT /OUT:"C:\Users\Wayne\Desktop\vs\ScreenShot\Debug\Hook.dll" /INCREMENTAL /NOLOGO kernel32.lib user32.lib gdi32.lib winspool.lib comdlg32.lib advapi32.lib shell32.lib ole32.lib oleaut32.lib uuid.lib odbc32.lib odbccp32.lib /MANIFEST /MANIFESTUAC:"level='asInvoker' uiAccess='false'" /manifest:embed /DEBUG /PDB:"C:\Users\Wayne\Desktop\vs\ScreenShot\Debug\Hook.pdb" /SUBSYSTEM:WINDOWS /TLBID:1 /DYNAMICBASE /NXCOMPAT /IMPLIB:"C:\Users\Wayne\Desktop\vs\ScreenShot\Debug\Hook.lib" /MACHINE:X86 /DLL Debug\dllmain.obj
         Debug\Hook.obj
         Debug\stdafx.obj
            正在创建库 C:\Users\Wayne\Desktop\vs\ScreenShot\Debug\Hook.lib 和对象 C:\Users\Wayne\Desktop\vs\ScreenShot\Debug\Hook.exp
         Hook.vcxproj -> C:\Users\Wayne\Desktop\vs\ScreenShot\Debug\Hook.dll
     1>已完成生成项目“C:\Users\Wayne\Desktop\vs\ScreenShot\Hook\Hook.vcxproj”(Rebuild 个目标)的操作。

生成成功。

已用时间 00:00:02.61
